2014-04-28 22:41:23.833 ToDo[2426:70b] Multi-tasking -> Device: YES, App: YES
2014-04-28 22:41:23.865 ToDo[2426:70b] Unlimited access to network resources
2014-04-28 22:41:24.573 ToDo[2426:70b] Resetting plugins due to page load.
2014-04-28 22:41:24.704 ToDo[2426:70b] Finished load of: file:///Users/eugenely/Library/Application%20Support/iPhone%20Simulator/7.1/Applications/1244375C-CBF8-4C77-BDE3-462D21787D3B/ToDo.app/www/index.html
Terminating in response to SpringBoard's termination.
2014-04-29 21:29:03.701 ToDo[1057:70b] Multi-tasking -> Device: YES, App: YES
2014-04-29 21:29:03.822 ToDo[1057:70b] Unlimited access to network resources
2014-04-29 21:29:04.333 ToDo[1057:70b] Resetting plugins due to page load.
2014-04-29 21:29:06.415 ToDo[1057:70b] Finished load of: file:///Users/eugenely/Library/Application%20Support/iPhone%20Simulator/7.1/Applications/1244375C-CBF8-4C77-BDE3-462D21787D3B/ToDo.app/www/index.html
2014-04-29 21:30:13.906 ToDo[1142:70b] Multi-tasking -> Device: YES, App: YES
2014-04-29 21:30:13.914 ToDo[1142:70b] Unlimited access to network resources
2014-04-29 21:30:14.022 ToDo[1142:70b] Resetting plugins due to page load.
2014-04-29 21:30:15.863 ToDo[1142:70b] Finished load of: file:///Users/eugenely/Library/Application%20Support/iPhone%20Simulator/7.1/Applications/1244375C-CBF8-4C77-BDE3-462D21787D3B/ToDo.app/www/index.html
2014-04-29 21:30:36.694 ToDo[1242:70b] Multi-tasking -> Device: YES, App: YES
2014-04-29 21:30:36.706 ToDo[1242:70b] Unlimited access to network resources
2014-04-29 21:30:36.872 ToDo[1242:70b] Resetting plugins due to page load.
2014-04-29 21:30:39.065 ToDo[1242:70b] Finished load of: file:///Users/eugenely/Library/Application%20Support/iPhone%20Simulator/7.1/Applications/1244375C-CBF8-4C77-BDE3-462D21787D3B/ToDo.app/www/index.html
2014-04-29 21:31:27.630 ToDo[1348:70b] Multi-tasking -> Device: YES, App: YES
2014-04-29 21:31:27.642 ToDo[1348:70b] Unlimited access to network resources
2014-04-29 21:31:27.806 ToDo[1348:70b] Resetting plugins due to page load.
2014-04-29 21:31:29.755 ToDo[1348:70b] Finished load of: file:///Users/eugenely/Library/Application%20Support/iPhone%20Simulator/7.1/Applications/1244375C-CBF8-4C77-BDE3-462D21787D3B/ToDo.app/www/index.html
2014-04-29 21:35:12.402 ToDo[1627:70b] Multi-tasking -> Device: YES, App: YES
2014-04-29 21:35:12.430 ToDo[1627:70b] Unlimited access to network resources
2014-04-29 21:35:12.772 ToDo[1627:70b] Resetting plugins due to page load.
2014-04-29 21:35:14.912 ToDo[1627:70b] Finished load of: file:///Users/eugenely/Library/Application%20Support/iPhone%20Simulator/7.1/Applications/1244375C-CBF8-4C77-BDE3-462D21787D3B/ToDo.app/www/index.html
2014-05-01 11:27:15.837 ToDo[1025:70b] Multi-tasking -> Device: YES, App: YES
2014-05-01 11:27:15.908 ToDo[1025:70b] Unlimited access to network resources
2014-05-01 11:27:16.564 ToDo[1025:70b] Resetting plugins due to page load.
2014-05-01 11:27:18.437 ToDo[1025:70b] Finished load of: file:///Users/eugenely/Library/Application%20Support/iPhone%20Simulator/7.1/Applications/1244375C-CBF8-4C77-BDE3-462D21787D3B/ToDo.app/www/index.html
2014-05-01 11:32:02.423 ToDo[1147:70b] Multi-tasking -> Device: YES, App: YES
2014-05-01 11:32:02.435 ToDo[1147:70b] Unlimited access to network resources
2014-05-01 11:32:02.753 ToDo[1147:70b] Resetting plugins due to page load.
2014-05-01 11:32:04.203 ToDo[1147:70b] Finished load of: file:///Users/eugenely/Library/Application%20Support/iPhone%20Simulator/7.1/Applications/1244375C-CBF8-4C77-BDE3-462D21787D3B/ToDo.app/www/index.html
2014-05-01 11:32:52.467 ToDo[1264:70b] Multi-tasking -> Device: YES, App: YES
2014-05-01 11:32:52.480 ToDo[1264:70b] Unlimited access to network resources
2014-05-01 11:32:52.734 ToDo[1264:70b] Resetting plugins due to page load.
2014-05-01 11:32:55.294 ToDo[1264:70b] Finished load of: file:///Users/eugenely/Library/Application%20Support/iPhone%20Simulator/7.1/Applications/1244375C-CBF8-4C77-BDE3-462D21787D3B/ToDo.app/www/index.html
2014-05-01 11:33:24.803 ToDo[1372:70b] Multi-tasking -> Device: YES, App: YES
2014-05-01 11:33:24.819 ToDo[1372:70b] Unlimited access to network resources
2014-05-01 11:33:25.046 ToDo[1372:70b] Resetting plugins due to page load.
2014-05-01 11:33:27.419 ToDo[1372:70b] Finished load of: file:///Users/eugenely/Library/Application%20Support/iPhone%20Simulator/7.1/Applications/1244375C-CBF8-4C77-BDE3-462D21787D3B/ToDo.app/www/index.html
2014-05-01 12:35:34.859 ToDo[1708:70b] Multi-tasking -> Device: YES, App: YES
2014-05-01 12:35:34.914 ToDo[1708:70b] Unlimited access to network resources
2014-05-01 12:35:35.474 ToDo[1708:70b] Resetting plugins due to page load.
2014-05-01 12:35:37.342 ToDo[1708:70b] Finished load of: file:///Users/eugenely/Library/Application%20Support/iPhone%20Simulator/7.1/Applications/1244375C-CBF8-4C77-BDE3-462D21787D3B/ToDo.app/www/index.html
2014-05-01 12:36:01.459 ToDo[1811:70b] Multi-tasking -> Device: YES, App: YES
2014-05-01 12:36:01.474 ToDo[1811:70b] Unlimited access to network resources
2014-05-01 12:36:01.692 ToDo[1811:70b] Resetting plugins due to page load.
2014-05-01 12:36:02.998 ToDo[1811:70b] Finished load of: file:///Users/eugenely/Library/Application%20Support/iPhone%20Simulator/7.1/Applications/1244375C-CBF8-4C77-BDE3-462D21787D3B/ToDo.app/www/index.html
2014-05-01 12:36:24.477 ToDo[1811:70b] Received memory warning.
2014-05-01 12:36:51.440 ToDo[1948:70b] Multi-tasking -> Device: YES, App: YES
2014-05-01 12:36:51.454 ToDo[1948:70b] Unlimited access to network resources
2014-05-01 12:36:51.648 ToDo[1948:70b] Resetting plugins due to page load.
2014-05-01 12:36:52.941 ToDo[1948:70b] Finished load of: file:///Users/eugenely/Library/Application%20Support/iPhone%20Simulator/7.1/Applications/1244375C-CBF8-4C77-BDE3-462D21787D3B/ToDo.app/www/index.html
